0 [139716018596800] INFO perfrun.launcher <> - Launcher main begin
1 [139716018596800] INFO perfrun.launcher <> - MessageCatalogInit finished
1 [139716018596800] INFO perfrun.launcher <> - Launcher instance created
1 [139716018596800] INFO perfrun.launcher <> - argc = 7; cmdline = /opt/intel/oneapi/vtune/2025.0/bin64/amplxe-runss --ui-output-format xml --ui-output-fd 14 --option-file /home/louis/Imperial/MScProject/2-CODE/Spectral1D/vtune/Spectral1D/r001hs/config/runss.options 
48 [139716018596800] INFO perfrun.perfcollector <> - SEP tool path: /opt/intel/oneapi/vtune/2025.0/bin64/sep
61 [139716018596800] INFO perfrun.launcher <> - create msngr2::ICliToolContext
62 [139716018596800] INFO perfrun.launcher <> - create file finder object
62 [139716018596800] INFO perfrun.launcher <> - create a result directory: pattern = /home/louis/Imperial/MScProject/2-CODE/Spectral1D/vtune/Spectral1D/r001hs pid = 4294967295
66 [139716018596800] INFO perfrun.sdk <> - checked that the directory /home/louis/Imperial/MScProject/2-CODE/Spectral1D/vtune/Spectral1D/r001hs is a local directory
66 [139716018596800] INFO perfrun.sdk <> - the directory /home/louis/Imperial/MScProject/2-CODE/Spectral1D/vtune/Spectral1D/r001hs is a local directory with FS type ID 61267
66 [139716018596800] INFO perfrun.launcher <> - create data directory = /home/louis/Imperial/MScProject/2-CODE/Spectral1D/vtune/Spectral1D/r001hs/data.0
66 [139716018596800] INFO perfrun.launcher <> - Creating the master collection flag
68 [139716018596800] INFO perfrun.launcher <> - Done creating the master collection flag
70 [139715862849216] INFO perfrun.launcher <> - plugin [remoteplug] was disabled because it doesn't support the given collection type.
70 [139715862849216] INFO perfrun.sdk <> - Allocating TMU :/home/louis/Imperial/MScProject/2-CODE/Spectral1D/vtune/Spectral1D/r001hs/data.0/systemcollector-1260-computer.sc
70 [139715862849216] INFO perfrun.system <> - Tpss based collection
70 [139715862849216] INFO perfrun.launcher <> - plugin [ptracecollector] was disabled because it doesn't support the given collection type.
70 [139715862849216] INFO perfrun.launcher <> - plugin [gpu] was disabled because it doesn't support the given collection type.
70 [139715862849216] INFO perfrun.launcher <> - plugin [] was disabled because it doesn't support the given collection type.
70 [139715862849216] INFO perfrun.launcher <> - plugin [] was disabled because it doesn't support the given collection type.
70 [139715862849216] INFO perfrun.launcher <> - plugin [] was disabled because it doesn't support the given collection type.
70 [139715862849216] INFO perfrun.mrte <> - system-wide mode is 0
70 [139715862849216] INFO perfrun.mrte <> - Getting  mrte profiling environment ...
91 [139715862849216] INFO perfrun.mrte <> - INTEL_MRTE_DATA_DIR=/home/louis/Imperial/MScProject/2-CODE/Spectral1D/vtune/Spectral1D/r001hs/data.0
91 [139715862849216] INFO perfrun.mrte <> - INTEL_MRTE_HOST_NAME=computer
91 [139715862849216] INFO perfrun.mrte <> - JAVA_TOOL_OPTIONS=-agentlib:amplxe_samplingmrte_javaprof_1.0 -Dsun.boot.library.path=/opt/intel/oneapi/vtune/2025.0/lib32/runtime:/opt/intel/oneapi/vtune/2025.0/lib64/runtime
91 [139715862849216] INFO perfrun.mrte <> - LD_LIBRARY_PATH=/opt/intel/oneapi/vtune/2025.0/lib32/runtime:/opt/intel/oneapi/vtune/2025.0/lib64/runtime:/home/louis/Softwares/nektar++/build/dist/lib64:/home/louis/Softwares/nektar++/build/dist/lib64:
91 [139715862849216] INFO perfrun.mrte <> - CORECLR_ENABLE_PROFILING=1
91 [139715862849216] INFO perfrun.mrte <> - CORECLR_PROFILER={AA5E4821-E3B1-479c-B7FF-5AD047D22CED}
91 [139715862849216] INFO perfrun.mrte <> - CORECLR_PROFILER_PATH=/opt/intel/oneapi/vtune/2025.0/lib64/libamplxe_samplingmrte_clrprof_1.0.so
91 [139715862849216] INFO perfrun.mrte <> - INTEL_MRTE_PROFILER_MODE=mixed
91 [139715862849216] INFO perfrun.mrte <> - Data directory: /home/louis/Imperial/MScProject/2-CODE/Spectral1D/vtune/Spectral1D/r001hs/data.0
91 [139715862849216] INFO perfrun.mrte <> - Mrte plugin is initialized
91 [139715862849216] INFO perfrun.launcher <> - plugin [emon] was disabled because it doesn't support the given collection type.
92 [139715862849216] INFO perfrun.launcher <> - plugin [cuscol] was disabled because it doesn't support the given collection type.
92 [139715862849216] INFO perfrun.launcher <> - plugin [stdsrc] was disabled because it doesn't support the given collection type.
92 [139715862849216] INFO perfrun.launcher <> - plugin [sep] was disabled because it doesn't support the given collection type.
92 [139715862849216] INFO perfrun.launcher <> - plugin [vtsspp] was disabled because it doesn't support the given collection type.
92 [139715862849216] INFO perfrun.perfcollector <> - Platform type: 116
92 [139715862849216] INFO perfrun.sdk <> - Reading value (2) from file: /proc/sys/kernel/perf_event_paranoid
92 [139715862849216] INFO perfrun.perfcollector <> - checking access to: /opt/intel/oneapi/vtune/2025.0/bin64/amplxe-perf-priv
92 [139715862849216] INFO perfrun.perfcollector <> - dir found: /sys/bus/event_source/devices/software
92 [139715862849216] INFO perfrun.perfcollector <> - format: pmu format subdir doesn't exist
92 [139715862849216] INFO perfrun.perfcollector <> - hwInfo: not set, pmuFam: software
92 [139715862849216] INFO perfrun.perfcollector <> - pmu added: software, idx: 0
92 [139715862849216] INFO perfrun.perfcollector <> - dir found: /sys/bus/event_source/devices/power
92 [139715862849216] INFO perfrun.perfcollector <> - format: event: config:0-7, mask:0-7
92 [139715862849216] INFO perfrun.perfcollector <> - hwInfo: not set, pmuFam: power
92 [139715862849216] INFO perfrun.perfcollector <> - pmu caps: raw,format,events
92 [139715862849216] INFO perfrun.perfcollector <> - pmu added: power, idx: 0
92 [139715862849216] INFO perfrun.perfcollector <> - dir found: /sys/bus/event_source/devices/uprobe
92 [139715862849216] INFO perfrun.perfcollector <> - format: ref_ctr_offset: config:32-63, mask:32-63
92 [139715862849216] INFO perfrun.perfcollector <> - format: retprobe: config:0, mask:0
92 [139715862849216] INFO perfrun.perfcollector <> - hwInfo: not set, pmuFam: uprobe
92 [139715862849216] INFO perfrun.perfcollector <> - pmu caps: raw,format
92 [139715862849216] INFO perfrun.perfcollector <> - pmu added: uprobe, idx: 0
92 [139715862849216] INFO perfrun.perfcollector <> - dir found: /sys/bus/event_source/devices/intel_bts
92 [139715862849216] INFO perfrun.perfcollector <> - format: pmu format subdir doesn't exist
92 [139715862849216] INFO perfrun.perfcollector <> - hwInfo: not set, pmuFam: intel_bts
92 [139715862849216] INFO perfrun.perfcollector <> - pmu added: intel_bts, idx: 0
92 [139715862849216] INFO perfrun.perfcollector <> - dir found: /sys/bus/event_source/devices/uncore_imc
92 [139715862849216] INFO perfrun.perfcollector <> - format: event: config:0-7, mask:0-7
92 [139715862849216] INFO perfrun.perfcollector <> - hwInfo: PERF_IMC_PMU_DETAILS
92 [139715862849216] INFO perfrun.perfcollector <> - pmu caps: raw,format,events
92 [139715862849216] INFO perfrun.perfcollector <> - pmu added: uncore_imc, idx: 0
92 [139715862849216] INFO perfrun.perfcollector <> - dir found: /sys/bus/event_source/devices/cpu
92 [139715862849216] INFO perfrun.perfcollector <> - format: event: config:0-7, mask:0-7
92 [139715862849216] INFO perfrun.perfcollector <> - format: pc: config:19, mask:19
93 [139715862849216] INFO perfrun.perfcollector <> - format: edge: config:18, mask:18
93 [139715862849216] INFO perfrun.perfcollector <> - format: any: config:21, mask:21
93 [139715862849216] INFO perfrun.perfcollector <> - format: offcore_rsp: config1:0-63, mask:0-63
93 [139715862849216] INFO perfrun.perfcollector <> - format: ldlat: config1:0-15, mask:0-15
93 [139715862849216] INFO perfrun.perfcollector <> - format: inv: config:23, mask:23
93 [139715862849216] INFO perfrun.perfcollector <> - format: umask: config:8-15, mask:8-15
93 [139715862849216] INFO perfrun.perfcollector <> - format: frontend: config1:0-23, mask:0-23
93 [139715862849216] INFO perfrun.perfcollector <> - format: cmask: config:24-31, mask:24-31
93 [139715862849216] INFO perfrun.perfcollector <> - hwInfo: PERF_CPU_PMU_DETAILS
93 [139715862849216] INFO perfrun.perfcollector <> - pmu caps: raw,format,events,ldlat,frontend,offcore_rsp
93 [139715862849216] INFO perfrun.perfcollector <> - pmu added: cpu, idx: 0
93 [139715862849216] INFO perfrun.perfcollector <> - dir found: /sys/bus/event_source/devices/cstate_core
93 [139715862849216] INFO perfrun.perfcollector <> - format: event: config:0-63, mask:0-63
93 [139715862849216] INFO perfrun.perfcollector <> - hwInfo: not set, pmuFam: cstate_core
93 [139715862849216] INFO perfrun.perfcollector <> - pmu caps: raw,format,events
93 [139715862849216] INFO perfrun.perfcollector <> - pmu added: cstate_core, idx: 0
93 [139715862849216] INFO perfrun.perfcollector <> - dir found: /sys/bus/event_source/devices/uncore_cbox_2
93 [139715862849216] INFO perfrun.perfcollector <> - format: event: config:0-7, mask:0-7
93 [139715862849216] INFO perfrun.perfcollector <> - format: edge: config:18, mask:18
93 [139715862849216] INFO perfrun.perfcollector <> - format: inv: config:23, mask:23
93 [139715862849216] INFO perfrun.perfcollector <> - format: umask: config:8-15, mask:8-15
93 [139715862849216] INFO perfrun.perfcollector <> - format: cmask: config:24-28, mask:24-28
93 [139715862849216] INFO perfrun.perfcollector <> - hwInfo: PERF_CBOX_PMU_DETAILS
93 [139715862849216] INFO perfrun.perfcollector <> - pmu caps: raw,format,events
93 [139715862849216] INFO perfrun.perfcollector <> - pmu added: uncore_cbox, idx: 2
93 [139715862849216] INFO perfrun.perfcollector <> - dir found: /sys/bus/event_source/devices/breakpoint
93 [139715862849216] INFO perfrun.perfcollector <> - format: pmu format subdir doesn't exist
93 [139715862849216] INFO perfrun.perfcollector <> - hwInfo: not set, pmuFam: breakpoint
93 [139715862849216] INFO perfrun.perfcollector <> - pmu added: breakpoint, idx: 0
93 [139715862849216] INFO perfrun.perfcollector <> - dir found: /sys/bus/event_source/devices/uncore_cbox_0
93 [139715862849216] INFO perfrun.perfcollector <> - format: event: config:0-7, mask:0-7
93 [139715862849216] INFO perfrun.perfcollector <> - format: edge: config:18, mask:18
93 [139715862849216] INFO perfrun.perfcollector <> - format: inv: config:23, mask:23
93 [139715862849216] INFO perfrun.perfcollector <> - format: umask: config:8-15, mask:8-15
93 [139715862849216] INFO perfrun.perfcollector <> - format: cmask: config:24-28, mask:24-28
93 [139715862849216] INFO perfrun.perfcollector <> - hwInfo: PERF_CBOX_PMU_DETAILS
93 [139715862849216] INFO perfrun.perfcollector <> - pmu caps: raw,format,events
93 [139715862849216] INFO perfrun.perfcollector <> - pmu added: uncore_cbox, idx: 0
93 [139715862849216] INFO perfrun.perfcollector <> - dir found: /sys/bus/event_source/devices/tracepoint
93 [139715862849216] INFO perfrun.perfcollector <> - format: pmu format subdir doesn't exist
93 [139715862849216] INFO perfrun.perfcollector <> - hwInfo: not set, pmuFam: tracepoint
93 [139715862849216] INFO perfrun.perfcollector <> - pmu added: tracepoint, idx: 0
93 [139715862849216] INFO perfrun.perfcollector <> - dir found: /sys/bus/event_source/devices/cstate_pkg
93 [139715862849216] INFO perfrun.perfcollector <> - format: event: config:0-63, mask:0-63
93 [139715862849216] INFO perfrun.perfcollector <> - hwInfo: not set, pmuFam: cstate_pkg
93 [139715862849216] INFO perfrun.perfcollector <> - pmu caps: raw,format,events
94 [139715862849216] INFO perfrun.perfcollector <> - pmu added: cstate_pkg, idx: 0
94 [139715862849216] INFO perfrun.perfcollector <> - dir found: /sys/bus/event_source/devices/uncore_arb
94 [139715862849216] INFO perfrun.perfcollector <> - format: event: config:0-7, mask:0-7
94 [139715862849216] INFO perfrun.perfcollector <> - format: edge: config:18, mask:18
94 [139715862849216] INFO perfrun.perfcollector <> - format: inv: config:23, mask:23
94 [139715862849216] INFO perfrun.perfcollector <> - format: umask: config:8-15, mask:8-15
94 [139715862849216] INFO perfrun.perfcollector <> - format: cmask: config:24-28, mask:24-28
94 [139715862849216] INFO perfrun.perfcollector <> - hwInfo: not set, pmuFam: uncore_arb
94 [139715862849216] INFO perfrun.perfcollector <> - pmu caps: raw,format
94 [139715862849216] INFO perfrun.perfcollector <> - pmu added: uncore_arb, idx: 0
94 [139715862849216] INFO perfrun.perfcollector <> - dir found: /sys/bus/event_source/devices/kprobe
94 [139715862849216] INFO perfrun.perfcollector <> - format: retprobe: config:0, mask:0
94 [139715862849216] INFO perfrun.perfcollector <> - hwInfo: not set, pmuFam: kprobe
94 [139715862849216] INFO perfrun.perfcollector <> - pmu caps: raw,format
94 [139715862849216] INFO perfrun.perfcollector <> - pmu added: kprobe, idx: 0
94 [139715862849216] INFO perfrun.perfcollector <> - dir found: /sys/bus/event_source/devices/i915
94 [139715862849216] INFO perfrun.perfcollector <> - format: i915_eventid: config:0-20, mask:0-20
94 [139715862849216] INFO perfrun.perfcollector <> - hwInfo: not set, pmuFam: i915
94 [139715862849216] INFO perfrun.perfcollector <> - pmu caps: raw,format,events
94 [139715862849216] INFO perfrun.perfcollector <> - pmu added: i915, idx: 0
94 [139715862849216] INFO perfrun.perfcollector <> - dir found: /sys/bus/event_source/devices/msr
94 [139715862849216] INFO perfrun.perfcollector <> - format: event: config:0-63, mask:0-63
94 [139715862849216] INFO perfrun.perfcollector <> - hwInfo: not set, pmuFam: msr
94 [139715862849216] INFO perfrun.perfcollector <> - pmu caps: raw,format,events
94 [139715862849216] INFO perfrun.perfcollector <> - pmu added: msr, idx: 0
94 [139715862849216] INFO perfrun.perfcollector <> - dir found: /sys/bus/event_source/devices/uncore_cbox_3
94 [139715862849216] INFO perfrun.perfcollector <> - format: event: config:0-7, mask:0-7
94 [139715862849216] INFO perfrun.perfcollector <> - format: edge: config:18, mask:18
94 [139715862849216] INFO perfrun.perfcollector <> - format: inv: config:23, mask:23
94 [139715862849216] INFO perfrun.perfcollector <> - format: umask: config:8-15, mask:8-15
94 [139715862849216] INFO perfrun.perfcollector <> - format: cmask: config:24-28, mask:24-28
94 [139715862849216] INFO perfrun.perfcollector <> - hwInfo: PERF_CBOX_PMU_DETAILS
94 [139715862849216] INFO perfrun.perfcollector <> - pmu caps: raw,format,events
94 [139715862849216] INFO perfrun.perfcollector <> - pmu added: uncore_cbox, idx: 3
94 [139715862849216] INFO perfrun.perfcollector <> - dir found: /sys/bus/event_source/devices/intel_pt
94 [139715862849216] INFO perfrun.perfcollector <> - format: ptw: config:12, mask:12
94 [139715862849216] INFO perfrun.perfcollector <> - format: event: config:31, mask:31
94 [139715862849216] INFO perfrun.perfcollector <> - format: cyc_thresh: config:19-22, mask:19-22
94 [139715862849216] INFO perfrun.perfcollector <> - format: pt: config:0, mask:0
94 [139715862849216] INFO perfrun.perfcollector <> - format: notnt: config:55, mask:55
94 [139715862849216] INFO perfrun.perfcollector <> - format: branch: config:13, mask:13
94 [139715862849216] INFO perfrun.perfcollector <> - format: tsc: config:10, mask:10
94 [139715862849216] INFO perfrun.perfcollector <> - format: pwr_evt: config:4, mask:4
95 [139715862849216] INFO perfrun.perfcollector <> - format: fup_on_ptw: config:5, mask:5
95 [139715862849216] INFO perfrun.perfcollector <> - format: cyc: config:1, mask:1
95 [139715862849216] INFO perfrun.perfcollector <> - format: noretcomp: config:11, mask:11
95 [139715862849216] INFO perfrun.perfcollector <> - format: mtc: config:9, mask:9
95 [139715862849216] INFO perfrun.perfcollector <> - format: psb_period: config:24-27, mask:24-27
95 [139715862849216] INFO perfrun.perfcollector <> - format: mtc_period: config:14-17, mask:14-17
95 [139715862849216] INFO perfrun.perfcollector <> - hwInfo: not set, pmuFam: intel_pt
95 [139715862849216] INFO perfrun.perfcollector <> - pmu caps: raw,format
95 [139715862849216] INFO perfrun.perfcollector <> - pmu added: intel_pt, idx: 0
95 [139715862849216] INFO perfrun.perfcollector <> - dir found: /sys/bus/event_source/devices/uncore_cbox_1
95 [139715862849216] INFO perfrun.perfcollector <> - format: event: config:0-7, mask:0-7
95 [139715862849216] INFO perfrun.perfcollector <> - format: edge: config:18, mask:18
95 [139715862849216] INFO perfrun.perfcollector <> - format: inv: config:23, mask:23
95 [139715862849216] INFO perfrun.perfcollector <> - format: umask: config:8-15, mask:8-15
95 [139715862849216] INFO perfrun.perfcollector <> - format: cmask: config:24-28, mask:24-28
95 [139715862849216] INFO perfrun.perfcollector <> - hwInfo: PERF_CBOX_PMU_DETAILS
95 [139715862849216] INFO perfrun.perfcollector <> - pmu caps: raw,format,events
95 [139715862849216] INFO perfrun.perfcollector <> - pmu added: uncore_cbox, idx: 1
95 [139715862849216] INFO perfrun.perfcollector <> - Perf tool path: /opt/intel/oneapi/vtune/2025.0/bin64/amplxe-perf
95 [139715862849216] INFO perfrun.perfcollector <> - Data directory: /home/louis/Imperial/MScProject/2-CODE/Spectral1D/vtune/Spectral1D/r001hs/data.0
95 [139715862849216] INFO perfrun.perfcollector <> - Temp directory: /tmp/amplxe-tmp-louis
95 [139715862849216] INFO perfrun.perfcollector <> - Perf sync path: /opt/intel/oneapi/vtune/2025.0/bin64/amplxe-perf-sync
95 [139715862849216] INFO perfrun.perfcollector <> - Hypervisor = None
95 [139715862849216] INFO perfrun.perfcollector <> - Counting mode is requested
95 [139715862849216] WARN perfrun.launcher <> - Messenger::say: Only user space will be profiled due to credentials lack. Consider changing /proc/sys/kernel/perf_event_paranoid file for enabling kernel space profiling.
95 [139715862849216] INFO perfrun.perfcollector <> - Sample after multiplier: 1
95 [139715862849216] INFO perfrun.sdk <> - runCmd: /opt/intel/oneapi/vtune/2025.0/bin64/sep -dry-run -sam 1 -ec CPU_CLK_UNHALTED.THREAD,CPU_CLK_UNHALTED.REF_TSC:sample:sa=1600000,INST_RETIRED.ANY:sample:sa=1600000,CPU_CLK_UNHALTED.REF_XCLK,CPU_CLK_UNHALTED.ONE_THREAD_ACTIVE,FP_ARITH_INST_RETIRED.SCALAR_SINGLE,FP_ARITH_INST_RETIRED.128B_PACKED_SINGLE,FP_ARITH_INST_RETIRED.256B_PACKED_SINGLE,FP_ARITH_INST_RETIRED.SCALAR_DOUBLE,FP_ARITH_INST_RETIRED.128B_PACKED_DOUBLE,FP_ARITH_INST_RETIRED.256B_PACKED_DOUBLE,UOPS_EXECUTED.X87,UOPS_RETIRED.RETIRE_SLOTS:sample:sa=2000003,UOPS_EXECUTED.THREAD -experimental
96 [139715862849216] INFO perfrun.sdk <> - runCmd started PID 1265
106 [139715862849216] INFO perfrun.perfcollector <> - SepDryRun RC = true
106 [139715862849216] INFO perfrun.perfcollector <> - Loading SEP event configuration
106 [139715862849216] INFO perfrun.perfcollector <> - pmu: cpu
106 [139715862849216] INFO perfrun.perfcollector <> - group_id: 0
106 [139715862849216] INFO perfrun.perfcollector <> - event_id: 2: INST_RETIRED.ANY
106 [139715862849216] INFO perfrun.perfcollector <> - event_id: 0: CPU_CLK_UNHALTED.THREAD
106 [139715862849216] INFO perfrun.perfcollector <> - event_id: 1: CPU_CLK_UNHALTED.REF_TSC
106 [139715862849216] INFO perfrun.perfcollector <> - event_id: 3: CPU_CLK_UNHALTED.REF_XCLK
106 [139715862849216] INFO perfrun.perfcollector <> - event_id: 4: CPU_CLK_UNHALTED.ONE_THREAD_ACTIVE
106 [139715862849216] INFO perfrun.perfcollector <> - event_id: 5: FP_ARITH_INST_RETIRED.SCALAR_SINGLE
106 [139715862849216] INFO perfrun.perfcollector <> - event_id: 6: FP_ARITH_INST_RETIRED.128B_PACKED_SINGLE
107 [139715862849216] INFO perfrun.perfcollector <> - event_id: 3: cccr: addr: 186, value: 53013c
107 [139715862849216] INFO perfrun.perfcollector <> - event_id: 4: cccr: addr: 187, value: 53023c
107 [139715862849216] INFO perfrun.perfcollector <> - event_id: 5: cccr: addr: 188, value: 5302c7
107 [139715862849216] INFO perfrun.perfcollector <> - event_id: 6: cccr: addr: 189, value: 5308c7
107 [139715862849216] INFO perfrun.perfcollector <> - event_id: 2: data: addr: 309, value: ffffffffffe79600
107 [139715862849216] INFO perfrun.perfcollector <> - event_id: 0: data: addr: 30a, value: ffffffffffe17b7d
107 [139715862849216] INFO perfrun.perfcollector <> - event_id: 1: data: addr: 30b, value: ffffffffffe79600
107 [139715862849216] INFO perfrun.perfcollector <> - event_id: 3: data: addr: c1, value: ffffffffffff9e55
107 [139715862849216] INFO perfrun.perfcollector <> - event_id: 4: data: addr: c2, value: ffffffffffff9e55
107 [139715862849216] INFO perfrun.perfcollector <> - event_id: 5: data: addr: c3, value: ffffffffffe17b7d
107 [139715862849216] INFO perfrun.perfcollector <> - event_id: 6: data: addr: c4, value: ffffffffffe17b7d
107 [139715862849216] INFO perfrun.perfcollector <> - group_id: 1
107 [139715862849216] INFO perfrun.perfcollector <> - event_id: 2: INST_RETIRED.ANY
107 [139715862849216] INFO perfrun.perfcollector <> - event_id: 0: CPU_CLK_UNHALTED.THREAD
107 [139715862849216] INFO perfrun.perfcollector <> - event_id: 1: CPU_CLK_UNHALTED.REF_TSC
107 [139715862849216] INFO perfrun.perfcollector <> - event_id: 7: FP_ARITH_INST_RETIRED.256B_PACKED_SINGLE
107 [139715862849216] INFO perfrun.perfcollector <> - event_id: 8: FP_ARITH_INST_RETIRED.SCALAR_DOUBLE
107 [139715862849216] INFO perfrun.perfcollector <> - event_id: 9: FP_ARITH_INST_RETIRED.128B_PACKED_DOUBLE
107 [139715862849216] INFO perfrun.perfcollector <> - event_id: 10: FP_ARITH_INST_RETIRED.256B_PACKED_DOUBLE
107 [139715862849216] INFO perfrun.perfcollector <> - event_id: 7: cccr: addr: 186, value: 5320c7
107 [139715862849216] INFO perfrun.perfcollector <> - event_id: 8: cccr: addr: 187, value: 5301c7
107 [139715862849216] INFO perfrun.perfcollector <> - event_id: 9: cccr: addr: 188, value: 5304c7
107 [139715862849216] INFO perfrun.perfcollector <> - event_id: 10: cccr: addr: 189, value: 5310c7
107 [139715862849216] INFO perfrun.perfcollector <> - event_id: 2: data: addr: 309, value: ffffffffffe79600
107 [139715862849216] INFO perfrun.perfcollector <> - event_id: 0: data: addr: 30a, value: ffffffffffe17b7d
107 [139715862849216] INFO perfrun.perfcollector <> - event_id: 1: data: addr: 30b, value: ffffffffffe79600
107 [139715862849216] INFO perfrun.perfcollector <> - event_id: 7: data: addr: c1, value: ffffffffffe17b7d
107 [139715862849216] INFO perfrun.perfcollector <> - event_id: 8: data: addr: c2, value: ffffffffffe17b7d
107 [139715862849216] INFO perfrun.perfcollector <> - event_id: 9: data: addr: c3, value: ffffffffffe17b7d
107 [139715862849216] INFO perfrun.perfcollector <> - event_id: 10: data: addr: c4, value: ffffffffffe17b7d
107 [139715862849216] INFO perfrun.perfcollector <> - group_id: 2
107 [139715862849216] INFO perfrun.perfcollector <> - event_id: 2: INST_RETIRED.ANY
107 [139715862849216] INFO perfrun.perfcollector <> - event_id: 0: CPU_CLK_UNHALTED.THREAD
107 [139715862849216] INFO perfrun.perfcollector <> - event_id: 1: CPU_CLK_UNHALTED.REF_TSC
107 [139715862849216] INFO perfrun.perfcollector <> - event_id: 11: UOPS_EXECUTED.X87
107 [139715862849216] INFO perfrun.perfcollector <> - event_id: 12: UOPS_RETIRED.RETIRE_SLOTS
107 [139715862849216] INFO perfrun.perfcollector <> - event_id: 13: UOPS_EXECUTED.THREAD
107 [139715862849216] INFO perfrun.perfcollector <> - event_id: 11: cccr: addr: 186, value: 5310b1
107 [139715862849216] INFO perfrun.perfcollector <> - event_id: 12: cccr: addr: 187, value: 5302c2
107 [139715862849216] INFO perfrun.perfcollector <> - event_id: 13: cccr: addr: 188, value: 5301b1
107 [139715862849216] INFO perfrun.perfcollector <> - event_id: 2: data: addr: 309, value: ffffffffffe79600
107 [139715862849216] INFO perfrun.perfcollector <> - event_id: 0: data: addr: 30a, value: ffffffffffe17b7d
107 [139715862849216] INFO perfrun.perfcollector <> - event_id: 1: data: addr: 30b, value: ffffffffffe79600
107 [139715862849216] INFO perfrun.perfcollector <> - event_id: 11: data: addr: c1, value: ffffffffffe17b7d
107 [139715862849216] INFO perfrun.perfcollector <> - event_id: 12: data: addr: c2, value: ffffffffffe17b7d
107 [139715862849216] INFO perfrun.perfcollector <> - event_id: 13: data: addr: c3, value: ffffffffffe17b7d
107 [139715862849216] INFO perfrun.perfcollector <> - Converting events to Perf format
107 [139715862849216] INFO perfrun.perfcollector <> - event: 0: CPU_CLK_UNHALTED.THREAD
107 [139715862849216] INFO perfrun.perfcollector <> - cccr: addr: ffffffff, value: 0
107 [139715862849216] INFO perfrun.perfcollector <> - data: addr: 30a, value: ffffffffffe17b7d
107 [139715862849216] INFO perfrun.perfcollector <> - pmu config: cpu
107 [139715862849216] INFO perfrun.perfcollector <> - config: any: 0
107 [139715862849216] INFO perfrun.perfcollector <> - config: cmask: 0
107 [139715862849216] INFO perfrun.perfcollector <> - config: edge: 0
107 [139715862849216] INFO perfrun.perfcollector <> - config: event: 3c
107 [139715862849216] INFO perfrun.perfcollector <> - config1: frontend: 0
107 [139715862849216] INFO perfrun.perfcollector <> - config: inv: 0
107 [139715862849216] INFO perfrun.perfcollector <> - config1: ldlat: 0
107 [139715862849216] INFO perfrun.perfcollector <> - config1: offcore_rsp: 0
107 [139715862849216] INFO perfrun.perfcollector <> - config: pc: 0
107 [139715862849216] INFO perfrun.perfcollector <> - config: umask: 0
107 [139715862849216] INFO perfrun.perfcollector <> - format: cpu/event=0x3c,name='CPU_CLK_UNHALTED.THREAD'/D
107 [139715862849216] INFO perfrun.perfcollector <> - event: 1: CPU_CLK_UNHALTED.REF_TSC
107 [139715862849216] INFO perfrun.perfcollector <> - cccr: addr: ffffffff, value: 0
107 [139715862849216] INFO perfrun.perfcollector <> - data: addr: 30b, value: ffffffffffe79600
107 [139715862849216] INFO perfrun.perfcollector <> - pmu config: cpu
107 [139715862849216] INFO perfrun.perfcollector <> - config: any: 0
107 [139715862849216] INFO perfrun.perfcollector <> - config: cmask: 0
107 [139715862849216] INFO perfrun.perfcollector <> - config: edge: 0
107 [139715862849216] INFO perfrun.perfcollector <> - config: event: 0
107 [139715862849216] INFO perfrun.perfcollector <> - config1: frontend: 0
107 [139715862849216] INFO perfrun.perfcollector <> - config: inv: 0
107 [139715862849216] INFO perfrun.perfcollector <> - config1: ldlat: 0
107 [139715862849216] INFO perfrun.perfcollector <> - config1: offcore_rsp: 0
107 [139715862849216] INFO perfrun.perfcollector <> - config: pc: 0
107 [139715862849216] INFO perfrun.perfcollector <> - config: umask: 3
107 [139715862849216] INFO perfrun.perfcollector <> - format: cpu/umask=0x3,name='CPU_CLK_UNHALTED.REF_TSC'/D
107 [139715862849216] INFO perfrun.perfcollector <> - event: 2: INST_RETIRED.ANY
107 [139715862849216] INFO perfrun.perfcollector <> - cccr: addr: ffffffff, value: 0
107 [139715862849216] INFO perfrun.perfcollector <> - data: addr: 309, value: ffffffffffe79600
107 [139715862849216] INFO perfrun.perfcollector <> - pmu config: cpu
107 [139715862849216] INFO perfrun.perfcollector <> - config: any: 0
107 [139715862849216] INFO perfrun.perfcollector <> - config: cmask: 0
107 [139715862849216] INFO perfrun.perfcollector <> - config: edge: 0
107 [139715862849216] INFO perfrun.perfcollector <> - config: event: c0
107 [139715862849216] INFO perfrun.perfcollector <> - config1: frontend: 0
107 [139715862849216] INFO perfrun.perfcollector <> - config: inv: 0
107 [139715862849216] INFO perfrun.perfcollector <> - config1: ldlat: 0
107 [139715862849216] INFO perfrun.perfcollector <> - config1: offcore_rsp: 0
107 [139715862849216] INFO perfrun.perfcollector <> - config: pc: 0
107 [139715862849216] INFO perfrun.perfcollector <> - config: umask: 0
107 [139715862849216] INFO perfrun.perfcollector <> - format: cpu/event=0xc0,name='INST_RETIRED.ANY'/D
107 [139715862849216] INFO perfrun.perfcollector <> - event: 3: CPU_CLK_UNHALTED.REF_XCLK
107 [139715862849216] INFO perfrun.perfcollector <> - cccr: addr: 186, value: 53013c
107 [139715862849216] INFO perfrun.perfcollector <> - data: addr: c1, value: ffffffffffff9e55
107 [139715862849216] INFO perfrun.perfcollector <> - pmu config: cpu
107 [139715862849216] INFO perfrun.perfcollector <> - config: any: 0
107 [139715862849216] INFO perfrun.perfcollector <> - config: cmask: 0
107 [139715862849216] INFO perfrun.perfcollector <> - config: edge: 0
107 [139715862849216] INFO perfrun.perfcollector <> - config: event: 3c
107 [139715862849216] INFO perfrun.perfcollector <> - config1: frontend: 0
107 [139715862849216] INFO perfrun.perfcollector <> - config: inv: 0
107 [139715862849216] INFO perfrun.perfcollector <> - config1: ldlat: 0
107 [139715862849216] INFO perfrun.perfcollector <> - config1: offcore_rsp: 0
107 [139715862849216] INFO perfrun.perfcollector <> - config: pc: 0
107 [139715862849216] INFO perfrun.perfcollector <> - config: umask: 1
107 [139715862849216] INFO perfrun.perfcollector <> - format: cpu/event=0x3c,umask=0x1,name='CPU_CLK_UNHALTED.REF_XCLK'/
107 [139715862849216] INFO perfrun.perfcollector <> - event: 4: CPU_CLK_UNHALTED.ONE_THREAD_ACTIVE
107 [139715862849216] INFO perfrun.perfcollector <> - cccr: addr: 187, value: 53023c
107 [139715862849216] INFO perfrun.perfcollector <> - data: addr: c2, value: ffffffffffff9e55
107 [139715862849216] INFO perfrun.perfcollector <> - pmu config: cpu
107 [139715862849216] INFO perfrun.perfcollector <> - config: any: 0
107 [139715862849216] INFO perfrun.perfcollector <> - config: cmask: 0
107 [139715862849216] INFO perfrun.perfcollector <> - config: edge: 0
107 [139715862849216] INFO perfrun.perfcollector <> - config: event: 3c
107 [139715862849216] INFO perfrun.perfcollector <> - config1: frontend: 0
107 [139715862849216] INFO perfrun.perfcollector <> - config: inv: 0
107 [139715862849216] INFO perfrun.perfcollector <> - config1: ldlat: 0
107 [139715862849216] INFO perfrun.perfcollector <> - config1: offcore_rsp: 0
107 [139715862849216] INFO perfrun.perfcollector <> - config: pc: 0
107 [139715862849216] INFO perfrun.perfcollector <> - config: umask: 2
107 [139715862849216] INFO perfrun.perfcollector <> - format: cpu/event=0x3c,umask=0x2,name='CPU_CLK_UNHALTED.ONE_THREAD_ACTIVE'/
107 [139715862849216] INFO perfrun.perfcollector <> - event: 5: FP_ARITH_INST_RETIRED.SCALAR_SINGLE
107 [139715862849216] INFO perfrun.perfcollector <> - cccr: addr: 188, value: 5302c7
107 [139715862849216] INFO perfrun.perfcollector <> - data: addr: c3, value: ffffffffffe17b7d
107 [139715862849216] INFO perfrun.perfcollector <> - pmu config: cpu
107 [139715862849216] INFO perfrun.perfcollector <> - config: any: 0
107 [139715862849216] INFO perfrun.perfcollector <> - config: cmask: 0
107 [139715862849216] INFO perfrun.perfcollector <> - config: edge: 0
107 [139715862849216] INFO perfrun.perfcollector <> - config: event: c7
107 [139715862849216] INFO perfrun.perfcollector <> - config1: frontend: 0
107 [139715862849216] INFO perfrun.perfcollector <> - config: inv: 0
107 [139715862849216] INFO perfrun.perfcollector <> - config1: ldlat: 0
107 [139715862849216] INFO perfrun.perfcollector <> - config1: offcore_rsp: 0
107 [139715862849216] INFO perfrun.perfcollector <> - config: pc: 0
107 [139715862849216] INFO perfrun.perfcollector <> - config: umask: 2
107 [139715862849216] INFO perfrun.perfcollector <> - format: cpu/event=0xc7,umask=0x2,name='FP_ARITH_INST_RETIRED.SCALAR_SINGLE'/
107 [139715862849216] INFO perfrun.perfcollector <> - event: 6: FP_ARITH_INST_RETIRED.128B_PACKED_SINGLE
107 [139715862849216] INFO perfrun.perfcollector <> - cccr: addr: 189, value: 5308c7
107 [139715862849216] INFO perfrun.perfcollector <> - data: addr: c4, value: ffffffffffe17b7d
107 [139715862849216] INFO perfrun.perfcollector <> - pmu config: cpu
107 [139715862849216] INFO perfrun.perfcollector <> - config: any: 0
107 [139715862849216] INFO perfrun.perfcollector <> - config: cmask: 0
107 [139715862849216] INFO perfrun.perfcollector <> - config: edge: 0
107 [139715862849216] INFO perfrun.perfcollector <> - config: event: c7
107 [139715862849216] INFO perfrun.perfcollector <> - config1: frontend: 0
107 [139715862849216] INFO perfrun.perfcollector <> - config: inv: 0
107 [139715862849216] INFO perfrun.perfcollector <> - config1: ldlat: 0
107 [139715862849216] INFO perfrun.perfcollector <> - config1: offcore_rsp: 0
107 [139715862849216] INFO perfrun.perfcollector <> - config: pc: 0
107 [139715862849216] INFO perfrun.perfcollector <> - config: umask: 8
107 [139715862849216] INFO perfrun.perfcollector <> - format: cpu/event=0xc7,umask=0x8,name='FP_ARITH_INST_RETIRED.128B_PACKED_SINGLE'/
107 [139715862849216] INFO perfrun.perfcollector <> - event: 7: FP_ARITH_INST_RETIRED.256B_PACKED_SINGLE
107 [139715862849216] INFO perfrun.perfcollector <> - cccr: addr: 186, value: 5320c7
107 [139715862849216] INFO perfrun.perfcollector <> - data: addr: c1, value: ffffffffffe17b7d
107 [139715862849216] INFO perfrun.perfcollector <> - pmu config: cpu
107 [139715862849216] INFO perfrun.perfcollector <> - config: any: 0
107 [139715862849216] INFO perfrun.perfcollector <> - config: cmask: 0
107 [139715862849216] INFO perfrun.perfcollector <> - config: edge: 0
107 [139715862849216] INFO perfrun.perfcollector <> - config: event: c7
107 [139715862849216] INFO perfrun.perfcollector <> - config1: frontend: 0
107 [139715862849216] INFO perfrun.perfcollector <> - config: inv: 0
107 [139715862849216] INFO perfrun.perfcollector <> - config1: ldlat: 0
107 [139715862849216] INFO perfrun.perfcollector <> - config1: offcore_rsp: 0
107 [139715862849216] INFO perfrun.perfcollector <> - config: pc: 0
107 [139715862849216] INFO perfrun.perfcollector <> - config: umask: 20
107 [139715862849216] INFO perfrun.perfcollector <> - format: cpu/event=0xc7,umask=0x20,name='FP_ARITH_INST_RETIRED.256B_PACKED_SINGLE'/
107 [139715862849216] INFO perfrun.perfcollector <> - event: 8: FP_ARITH_INST_RETIRED.SCALAR_DOUBLE
107 [139715862849216] INFO perfrun.perfcollector <> - cccr: addr: 187, value: 5301c7
107 [139715862849216] INFO perfrun.perfcollector <> - data: addr: c2, value: ffffffffffe17b7d
107 [139715862849216] INFO perfrun.perfcollector <> - pmu config: cpu
107 [139715862849216] INFO perfrun.perfcollector <> - config: any: 0
107 [139715862849216] INFO perfrun.perfcollector <> - config: cmask: 0
107 [139715862849216] INFO perfrun.perfcollector <> - config: edge: 0
107 [139715862849216] INFO perfrun.perfcollector <> - config: event: c7
107 [139715862849216] INFO perfrun.perfcollector <> - config1: frontend: 0
107 [139715862849216] INFO perfrun.perfcollector <> - config: inv: 0
107 [139715862849216] INFO perfrun.perfcollector <> - config1: ldlat: 0
107 [139715862849216] INFO perfrun.perfcollector <> - config1: offcore_rsp: 0
107 [139715862849216] INFO perfrun.perfcollector <> - config: pc: 0
107 [139715862849216] INFO perfrun.perfcollector <> - config: umask: 1
107 [139715862849216] INFO perfrun.perfcollector <> - format: cpu/event=0xc7,umask=0x1,name='FP_ARITH_INST_RETIRED.SCALAR_DOUBLE'/
107 [139715862849216] INFO perfrun.perfcollector <> - event: 9: FP_ARITH_INST_RETIRED.128B_PACKED_DOUBLE
107 [139715862849216] INFO perfrun.perfcollector <> - cccr: addr: 188, value: 5304c7
107 [139715862849216] INFO perfrun.perfcollector <> - data: addr: c3, value: ffffffffffe17b7d
107 [139715862849216] INFO perfrun.perfcollector <> - pmu config: cpu
107 [139715862849216] INFO perfrun.perfcollector <> - config: any: 0
107 [139715862849216] INFO perfrun.perfcollector <> - config: cmask: 0
107 [139715862849216] INFO perfrun.perfcollector <> - config: edge: 0
107 [139715862849216] INFO perfrun.perfcollector <> - config: event: c7
107 [139715862849216] INFO perfrun.perfcollector <> - config1: frontend: 0
107 [139715862849216] INFO perfrun.perfcollector <> - config: inv: 0
107 [139715862849216] INFO perfrun.perfcollector <> - config1: ldlat: 0
107 [139715862849216] INFO perfrun.perfcollector <> - config1: offcore_rsp: 0
107 [139715862849216] INFO perfrun.perfcollector <> - config: pc: 0
107 [139715862849216] INFO perfrun.perfcollector <> - config: umask: 4
107 [139715862849216] INFO perfrun.perfcollector <> - format: cpu/event=0xc7,umask=0x4,name='FP_ARITH_INST_RETIRED.128B_PACKED_DOUBLE'/
107 [139715862849216] INFO perfrun.perfcollector <> - event: 10: FP_ARITH_INST_RETIRED.256B_PACKED_DOUBLE
107 [139715862849216] INFO perfrun.perfcollector <> - cccr: addr: 189, value: 5310c7
107 [139715862849216] INFO perfrun.perfcollector <> - data: addr: c4, value: ffffffffffe17b7d
107 [139715862849216] INFO perfrun.perfcollector <> - pmu config: cpu
107 [139715862849216] INFO perfrun.perfcollector <> - config: any: 0
107 [139715862849216] INFO perfrun.perfcollector <> - config: cmask: 0
107 [139715862849216] INFO perfrun.perfcollector <> - config: edge: 0
107 [139715862849216] INFO perfrun.perfcollector <> - config: event: c7
107 [139715862849216] INFO perfrun.perfcollector <> - config1: frontend: 0
107 [139715862849216] INFO perfrun.perfcollector <> - config: inv: 0
107 [139715862849216] INFO perfrun.perfcollector <> - config1: ldlat: 0
107 [139715862849216] INFO perfrun.perfcollector <> - config1: offcore_rsp: 0
107 [139715862849216] INFO perfrun.perfcollector <> - config: pc: 0
107 [139715862849216] INFO perfrun.perfcollector <> - config: umask: 10
107 [139715862849216] INFO perfrun.perfcollector <> - format: cpu/event=0xc7,umask=0x10,name='FP_ARITH_INST_RETIRED.256B_PACKED_DOUBLE'/
107 [139715862849216] INFO perfrun.perfcollector <> - event: 11: UOPS_EXECUTED.X87
107 [139715862849216] INFO perfrun.perfcollector <> - cccr: addr: 186, value: 5310b1
107 [139715862849216] INFO perfrun.perfcollector <> - data: addr: c1, value: ffffffffffe17b7d
107 [139715862849216] INFO perfrun.perfcollector <> - pmu config: cpu
107 [139715862849216] INFO perfrun.perfcollector <> - config: any: 0
107 [139715862849216] INFO perfrun.perfcollector <> - config: cmask: 0
107 [139715862849216] INFO perfrun.perfcollector <> - config: edge: 0
107 [139715862849216] INFO perfrun.perfcollector <> - config: event: b1
107 [139715862849216] INFO perfrun.perfcollector <> - config1: frontend: 0
107 [139715862849216] INFO perfrun.perfcollector <> - config: inv: 0
107 [139715862849216] INFO perfrun.perfcollector <> - config1: ldlat: 0
107 [139715862849216] INFO perfrun.perfcollector <> - config1: offcore_rsp: 0
107 [139715862849216] INFO perfrun.perfcollector <> - config: pc: 0
107 [139715862849216] INFO perfrun.perfcollector <> - config: umask: 10
107 [139715862849216] INFO perfrun.perfcollector <> - format: cpu/event=0xb1,umask=0x10,name='UOPS_EXECUTED.X87'/
107 [139715862849216] INFO perfrun.perfcollector <> - event: 12: UOPS_RETIRED.RETIRE_SLOTS
107 [139715862849216] INFO perfrun.perfcollector <> - cccr: addr: 187, value: 5302c2
107 [139715862849216] INFO perfrun.perfcollector <> - data: addr: c2, value: ffffffffffe17b7d
107 [139715862849216] INFO perfrun.perfcollector <> - pmu config: cpu
107 [139715862849216] INFO perfrun.perfcollector <> - config: any: 0
107 [139715862849216] INFO perfrun.perfcollector <> - config: cmask: 0
107 [139715862849216] INFO perfrun.perfcollector <> - config: edge: 0
107 [139715862849216] INFO perfrun.perfcollector <> - config: event: c2
107 [139715862849216] INFO perfrun.perfcollector <> - config1: frontend: 0
107 [139715862849216] INFO perfrun.perfcollector <> - config: inv: 0
107 [139715862849216] INFO perfrun.perfcollector <> - config1: ldlat: 0
107 [139715862849216] INFO perfrun.perfcollector <> - config1: offcore_rsp: 0
107 [139715862849216] INFO perfrun.perfcollector <> - config: pc: 0
107 [139715862849216] INFO perfrun.perfcollector <> - config: umask: 2
107 [139715862849216] INFO perfrun.perfcollector <> - format: cpu/event=0xc2,umask=0x2,name='UOPS_RETIRED.RETIRE_SLOTS'/
107 [139715862849216] INFO perfrun.perfcollector <> - event: 13: UOPS_EXECUTED.THREAD
107 [139715862849216] INFO perfrun.perfcollector <> - cccr: addr: 188, value: 5301b1
107 [139715862849216] INFO perfrun.perfcollector <> - data: addr: c3, value: ffffffffffe17b7d
107 [139715862849216] INFO perfrun.perfcollector <> - pmu config: cpu
107 [139715862849216] INFO perfrun.perfcollector <> - config: any: 0
107 [139715862849216] INFO perfrun.perfcollector <> - config: cmask: 0
107 [139715862849216] INFO perfrun.perfcollector <> - config: edge: 0
107 [139715862849216] INFO perfrun.perfcollector <> - config: event: b1
107 [139715862849216] INFO perfrun.perfcollector <> - config1: frontend: 0
107 [139715862849216] INFO perfrun.perfcollector <> - config: inv: 0
107 [139715862849216] INFO perfrun.perfcollector <> - config1: ldlat: 0
107 [139715862849216] INFO perfrun.perfcollector <> - config1: offcore_rsp: 0
107 [139715862849216] INFO perfrun.perfcollector <> - config: pc: 0
107 [139715862849216] INFO perfrun.perfcollector <> - config: umask: 1
107 [139715862849216] INFO perfrun.perfcollector <> - format: cpu/event=0xb1,umask=0x1,name='UOPS_EXECUTED.THREAD'/
108 [139715862849216] INFO perfrun.perfcollector <> - event: cpu/event=0x3c,name='CPU_CLK_UNHALTED.THREAD'/Du, added for counting
108 [139715862849216] INFO perfrun.perfcollector <> - event: cpu/umask=0x3,name='CPU_CLK_UNHALTED.REF_TSC'/Du, added for counting
108 [139715862849216] INFO perfrun.perfcollector <> - event: cpu/event=0xc0,name='INST_RETIRED.ANY'/Du, added for counting
108 [139715862849216] INFO perfrun.perfcollector <> - event: cpu/event=0x3c,umask=0x1,name='CPU_CLK_UNHALTED.REF_XCLK'/u, added for counting
108 [139715862849216] INFO perfrun.perfcollector <> - event: cpu/event=0x3c,umask=0x2,name='CPU_CLK_UNHALTED.ONE_THREAD_ACTIVE'/u, added for counting
108 [139715862849216] INFO perfrun.perfcollector <> - event: cpu/event=0xc7,umask=0x2,name='FP_ARITH_INST_RETIRED.SCALAR_SINGLE'/u, added for counting
108 [139715862849216] INFO perfrun.perfcollector <> - event: cpu/event=0xc7,umask=0x8,name='FP_ARITH_INST_RETIRED.128B_PACKED_SINGLE'/u, added for counting
108 [139715862849216] INFO perfrun.perfcollector <> - event: cpu/event=0xc7,umask=0x20,name='FP_ARITH_INST_RETIRED.256B_PACKED_SINGLE'/u, added for counting
108 [139715862849216] INFO perfrun.perfcollector <> - event: cpu/event=0xc7,umask=0x1,name='FP_ARITH_INST_RETIRED.SCALAR_DOUBLE'/u, added for counting
108 [139715862849216] INFO perfrun.perfcollector <> - event: cpu/event=0xc7,umask=0x4,name='FP_ARITH_INST_RETIRED.128B_PACKED_DOUBLE'/u, added for counting
108 [139715862849216] INFO perfrun.perfcollector <> - event: cpu/event=0xc7,umask=0x10,name='FP_ARITH_INST_RETIRED.256B_PACKED_DOUBLE'/u, added for counting
108 [139715862849216] INFO perfrun.perfcollector <> - event: cpu/event=0xb1,umask=0x10,name='UOPS_EXECUTED.X87'/u, added for counting
108 [139715862849216] INFO perfrun.perfcollector <> - event: cpu/event=0xc2,umask=0x2,name='UOPS_RETIRED.RETIRE_SLOTS'/u, added for counting
108 [139715862849216] INFO perfrun.perfcollector <> - event: cpu/event=0xb1,umask=0x1,name='UOPS_EXECUTED.THREAD'/u, added for counting
108 [139715862849216] INFO perfrun.perfcollector <> - attaching to pid: 4294967295, m_mode: 10, mode: 3
108 [139715854456512] INFO perfrun.perfcollector <> - Perf stat trace pipe capacity: read = 1048576, write = 1048576
108 [139715846063808] INFO perfrun.sdk <> - Reading value (0-7) from file: /sys/devices/system/cpu/cpu0/topology/core_siblings_list
108 [139715846063808] INFO perfrun.sdk <> - Reading value (0,4) from file: /sys/devices/system/cpu/cpu0/topology/thread_siblings_list
108 [139715846063808] INFO perfrun.sdk <> - Reading value (0-7) from file: /sys/devices/system/cpu/cpu1/topology/core_siblings_list
108 [139715846063808] INFO perfrun.sdk <> - Reading value (1,5) from file: /sys/devices/system/cpu/cpu1/topology/thread_siblings_list
108 [139715846063808] INFO perfrun.sdk <> - Reading value (0-7) from file: /sys/devices/system/cpu/cpu2/topology/core_siblings_list
108 [139715846063808] INFO perfrun.sdk <> - Reading value (2,6) from file: /sys/devices/system/cpu/cpu2/topology/thread_siblings_list
108 [139715846063808] INFO perfrun.sdk <> - Reading value (0-7) from file: /sys/devices/system/cpu/cpu3/topology/core_siblings_list
108 [139715846063808] INFO perfrun.sdk <> - Reading value (3,7) from file: /sys/devices/system/cpu/cpu3/topology/thread_siblings_list
109 [139715846063808] INFO perfrun.sdk <> - Reading value (0-7) from file: /sys/devices/system/cpu/cpu4/topology/core_siblings_list
109 [139715846063808] INFO perfrun.sdk <> - Reading value (0,4) from file: /sys/devices/system/cpu/cpu4/topology/thread_siblings_list
109 [139715846063808] INFO perfrun.sdk <> - Reading value (0-7) from file: /sys/devices/system/cpu/cpu5/topology/core_siblings_list
109 [139715846063808] INFO perfrun.sdk <> - Reading value (1,5) from file: /sys/devices/system/cpu/cpu5/topology/thread_siblings_list
109 [139715846063808] INFO perfrun.sdk <> - Reading value (0-7) from file: /sys/devices/system/cpu/cpu6/topology/core_siblings_list
109 [139715846063808] INFO perfrun.sdk <> - Reading value (2,6) from file: /sys/devices/system/cpu/cpu6/topology/thread_siblings_list
109 [139715846063808] INFO perfrun.sdk <> - Reading value (0-7) from file: /sys/devices/system/cpu/cpu7/topology/core_siblings_list
109 [139715846063808] INFO perfrun.sdk <> - Reading value (3,7) from file: /sys/devices/system/cpu/cpu7/topology/thread_siblings_list
109 [139715846063808] ERROR perfrun.sdk <> - boost::filesystem::exists(filename) 'gh2::error::IsNot.Valid.File(filename):/sys/bus/event_source/devices/cpu_core/cpus'
_sdks/release_posix-x86_64_icx_2023.0.0_gnutools_9.2_binutils_2.28/perfrun_1.33.15/include/perfrun1/sdk/utils.hpp(767): gh2::error_code_t runtool::sdk::loadFileValue(RetType &, const cpil2::uchar_t *) [RetType = std::basic_string<char>]
, at file: _sdks/release_posix-x86_64_icx_2023.0.0_gnutools_9.2_binutils_2.28/perfrun_1.33.15/include/perfrun1/sdk/utils.hpp:767
109 [139715846063808] ERROR perfrun.sdk <> - boost::filesystem::exists(filename) 'gh2::error::IsNot.Valid.File(filename):/sys/bus/event_source/devices/cpu_atom/cpus'
_sdks/release_posix-x86_64_icx_2023.0.0_gnutools_9.2_binutils_2.28/perfrun_1.33.15/include/perfrun1/sdk/utils.hpp(767): gh2::error_code_t runtool::sdk::loadFileValue(RetType &, const cpil2::uchar_t *) [RetType = std::basic_string<char>]
, at file: _sdks/release_posix-x86_64_icx_2023.0.0_gnutools_9.2_binutils_2.28/perfrun_1.33.15/include/perfrun1/sdk/utils.hpp:767
109 [139715854456512] INFO perfrun.sdk <> - runCmd: /opt/intel/oneapi/vtune/2025.0/bin64/amplxe-perf stat -v --log-fd 9 --scale -x ; -e cpu/event=0x3c,name='CPU_CLK_UNHALTED.THREAD'/Du,cpu/umask=0x3,name='CPU_CLK_UNHALTED.REF_TSC'/Du,cpu/event=0xc0,name='INST_RETIRED.ANY'/Du,cpu/event=0x3c,umask=0x1,name='CPU_CLK_UNHALTED.REF_XCLK'/u,cpu/event=0x3c,umask=0x2,name='CPU_CLK_UNHALTED.ONE_THREAD_ACTIVE'/u,cpu/event=0xc7,umask=0x2,name='FP_ARITH_INST_RETIRED.SCALAR_SINGLE'/u,cpu/event=0xc7,umask=0x8,name='FP_ARITH_INST_RETIRED.128B_PACKED_SINGLE'/u,cpu/event=0xc7,umask=0x20,name='FP_ARITH_INST_RETIRED.256B_PACKED_SINGLE'/u,cpu/event=0xc7,umask=0x1,name='FP_ARITH_INST_RETIRED.SCALAR_DOUBLE'/u,cpu/event=0xc7,umask=0x4,name='FP_ARITH_INST_RETIRED.128B_PACKED_DOUBLE'/u,cpu/event=0xc7,umask=0x10,name='FP_ARITH_INST_RETIRED.256B_PACKED_DOUBLE'/u,cpu/event=0xb1,umask=0x10,name='UOPS_EXECUTED.X87'/u,cpu/event=0xc2,umask=0x2,name='UOPS_RETIRED.RETIRE_SLOTS'/u,cpu/event=0xb1,umask=0x1,name='UOPS_EXECUTED.THREAD'/u /opt/intel/oneapi/vtune/2025.0/bin64/amplxe-perf-sync dryrun tsc
110 [139715854456512] INFO perfrun.sdk <> - runCmd started PID 1268
165 [139715854456512] INFO perfrun.perfcollector <> - Monitor: runCmd RC = true
165 [139715862849216] INFO perfrun.launcher <> - plugin [aoclprofile] was disabled because it doesn't support the given collection type.
165 [139715862849216] INFO perfrun.tpss <> - initialize tpss controller
165 [139715862849216] INFO perfrun.tpss <> - configure collection mode: value = cpu:counters:nostack
166 [139715862849216] INFO perfrun.tpss <> - configure collection mode: value = cpu:stack
166 [139715862849216] INFO perfrun.tpss <> - default obj-size-min=1024
166 [139715862849216] INFO perfrun.tpss <> - default hash-table-size=0
166 [139715862849216] INFO perfrun.launcher <> - plugin [media] was disabled because it doesn't support the given collection type.
166 [139715862849216] INFO perfrun.launcher <> - plugin [] was disabled because it doesn't support the given collection type.
166 [139715862849216] INFO perfrun.launcher <> - plugin [] was disabled because it doesn't support the given collection type.
166 [139715862849216] INFO perfrun.launcher <> - plugin [parallelfs] was disabled because it doesn't support the given collection type.
166 [139715862849216] INFO perfrun.launcher <> - plugin [power] was disabled because it doesn't support the given collection type.
166 [139715862849216] INFO perfrun.launcher <> - plugin [] was disabled because it doesn't support the given collection type.
166 [139715862849216] INFO perfrun.launcher <> - plugin [ipmwatch] was disabled because it doesn't support the given collection type.
166 [139715862849216] INFO perfrun.launcher <> - plugin [os_counters] was disabled because it doesn't support the given collection type.
166 [139715862849216] INFO perfrun.launcher <> - plugin [l0_metrics] was disabled because it doesn't support the given collection type.
166 [139716018596800] INFO perfrun.launcher <> - set environment variable: LD_LIBRARY_PATH = /opt/intel/oneapi/vtune/2025.0/lib32/runtime:/opt/intel/oneapi/vtune/2025.0/lib64/runtime:/home/louis/Softwares/nektar++/build/dist/lib64:/home/louis/Softwares/nektar++/build/dist/lib64:
166 [139716018596800] INFO perfrun.launcher <> - set environment variable: INTEL_LIBITTNOTIFY32 = /opt/intel/oneapi/vtune/2025.0/lib32/runtime/libittnotify_collector.so
166 [139716018596800] INFO perfrun.launcher <> - set environment variable: INTEL_LIBITTNOTIFY64 = /opt/intel/oneapi/vtune/2025.0/lib64/runtime/libittnotify_collector.so
166 [139716018596800] INFO perfrun.launcher <> - set environment variable: INTEL_ITTNOTIFY_GROUPS = 
166 [139716018596800] INFO perfrun.launcher <> - set environment variable: INTEL_JIT_PROFILER32 = /opt/intel/oneapi/vtune/2025.0/lib32/runtime/libittnotify_collector.so
166 [139716018596800] INFO perfrun.launcher <> - set environment variable: INTEL_JIT_PROFILER64 = /opt/intel/oneapi/vtune/2025.0/lib64/runtime/libittnotify_collector.so
166 [139716018596800] INFO perfrun.launcher <> - set environment variable: CCL_ITT_LEVEL = 1
166 [139716018596800] INFO perfrun.launcher <> - set environment variable: ENABLE_JITPROFILING = 1
166 [139716018596800] INFO perfrun.launcher <> - set environment variable: CL_CONFIG_USE_VTUNE = True
166 [139716018596800] INFO perfrun.launcher <> - set environment variable: KMP_FORKJOIN_FRAMES = 0
166 [139716018596800] INFO perfrun.launcher <> - set environment variable: KMP_FORKJOIN_FRAMES_MODE = 0
166 [139716018596800] INFO perfrun.launcher <> - set environment variable: INTEL_MRTE_DATA_DIR = /home/louis/Imperial/MScProject/2-CODE/Spectral1D/vtune/Spectral1D/r001hs/data.0
166 [139716018596800] INFO perfrun.launcher <> - set environment variable: INTEL_MRTE_HOST_NAME = computer
166 [139716018596800] INFO perfrun.launcher <> - set environment variable: JAVA_TOOL_OPTIONS = -agentlib:amplxe_samplingmrte_javaprof_1.0 -Dsun.boot.library.path=/opt/intel/oneapi/vtune/2025.0/lib32/runtime:/opt/intel/oneapi/vtune/2025.0/lib64/runtime
166 [139716018596800] INFO perfrun.launcher <> - set environment variable: LD_LIBRARY_PATH = /opt/intel/oneapi/vtune/2025.0/lib32/runtime:/opt/intel/oneapi/vtune/2025.0/lib64/runtime:/home/louis/Softwares/nektar++/build/dist/lib64:/home/louis/Softwares/nektar++/build/dist/lib64:
166 [139716018596800] INFO perfrun.launcher <> - set environment variable: CORECLR_ENABLE_PROFILING = 1
166 [139716018596800] INFO perfrun.launcher <> - set environment variable: CORECLR_PROFILER = {AA5E4821-E3B1-479c-B7FF-5AD047D22CED}
166 [139716018596800] INFO perfrun.launcher <> - set environment variable: CORECLR_PROFILER_PATH = /opt/intel/oneapi/vtune/2025.0/lib64/libamplxe_samplingmrte_clrprof_1.0.so
166 [139716018596800] INFO perfrun.launcher <> - set environment variable: INTEL_MRTE_PROFILER_MODE = mixed
167 [139716018596800] INFO perfrun.launcher <> - RpcServer: run RPC server to handle requests
167 [139716018596800] INFO perfrun.launcher <> - Launcher: command line to start before modification = /home/louis/Imperial/MScProject/2-CODE/Spectral1D/build/spectral --P 10 --N 1000
167 [139716018596800] INFO perfrun.launcher <> - Launcher: command line to start after modification = /opt/intel/oneapi/vtune/2025.0/bin64/pin -error_file /home/louis/Imperial/MScProject/2-CODE/Spectral1D/vtune/Spectral1D/r001hs/data.0/pinerr.tpsslog -detach_reattach -follow_execv -tool_load_option deepbind -t64 /opt/intel/oneapi/vtune/2025.0/lib64/libtpsstool.so -t /opt/intel/oneapi/vtune/2025.0/lib32/libtpsstool.so -server_name tpss_ipc.1260 -prd_dir /opt/intel/oneapi/vtune/2025.0 -- /home/louis/Imperial/MScProject/2-CODE/Spectral1D/build/spectral --P 10 --N 1000
168 [139716018596800] INFO perfrun.launcher <> - ProcessCreator object was created
168 [139716018596800] INFO perfrun.launcher <> - Launcher: the process was started in suspend mode
170 [139715862849216] WARN perfrun.system <> - Could not do anything with /sys/kernel/debug/kvm: boost::filesystem::status: Permission denied [system:13]: "/sys/kernel/debug/kvm", at file: vcs/perfrun1/plugins/system/src/trace_writer.cpp:787
170 [139715862849216] WARN perfrun.system <> - Folder "/var/run/libvirt/qemu/"doesn't exist, at file: vcs/perfrun1/plugins/system/src/trace_writer.cpp:800
172 [139715862849216] WARN perfrun.sdk <> - Failed to find xl binary on any of the system paths: /bin, /sbin, /usr/bin, /usr/sbin., at file: vcs/perfrun1/sdk/src/utils.cpp:205
172 [139715862849216] WARN perfrun.system <> - Could not start ContainerMapping collector, at file: vcs/perfrun1/plugins/system/src/controller.cpp:450
175 [139715862849216] INFO perfrun.vdso <> - Helper runtool '/opt/intel/oneapi/vtune/2025.0/bin32/amplxe-runss -dump-vdso -r /home/louis/Imperial/MScProject/2-CODE/Spectral1D/vtune/Spectral1D/r001hs --tmp-dir /tmp/amplxe-tmp-louis' returned 1
292 [139715862849216] INFO perfrun.vdso <> - Helper runtool '/opt/intel/oneapi/vtune/2025.0/bin64/amplxe-runss -dump-vdso -r /home/louis/Imperial/MScProject/2-CODE/Spectral1D/vtune/Spectral1D/r001hs --tmp-dir /tmp/amplxe-tmp-louis' returned 0
292 [139715862849216] INFO perfrun.itt <> - start itt controller for pid #1271
292 [139715862849216] INFO perfrun.perfcollector <> - attaching to pid: 1271, m_mode: 10, mode: 11
292 [139715621680832] INFO perfrun.perfcollector <> - Perf stat trace pipe capacity: read = 1048576, write = 1048576
292 [139715854456512] INFO perfrun.sdk <> - Reading value (0-7) from file: /sys/devices/system/cpu/cpu0/topology/core_siblings_list
292 [139715854456512] INFO perfrun.sdk <> - Reading value (0,4) from file: /sys/devices/system/cpu/cpu0/topology/thread_siblings_list
292 [139715854456512] INFO perfrun.sdk <> - Reading value (0-7) from file: /sys/devices/system/cpu/cpu1/topology/core_siblings_list
292 [139715854456512] INFO perfrun.sdk <> - Reading value (1,5) from file: /sys/devices/system/cpu/cpu1/topology/thread_siblings_list
292 [139715854456512] INFO perfrun.sdk <> - Reading value (0-7) from file: /sys/devices/system/cpu/cpu2/topology/core_siblings_list
292 [139715854456512] INFO perfrun.sdk <> - Reading value (2,6) from file: /sys/devices/system/cpu/cpu2/topology/thread_siblings_list
292 [139715854456512] INFO perfrun.sdk <> - Reading value (0-7) from file: /sys/devices/system/cpu/cpu3/topology/core_siblings_list
292 [139715854456512] INFO perfrun.sdk <> - Reading value (3,7) from file: /sys/devices/system/cpu/cpu3/topology/thread_siblings_list
292 [139715854456512] INFO perfrun.sdk <> - Reading value (0-7) from file: /sys/devices/system/cpu/cpu4/topology/core_siblings_list
292 [139715854456512] INFO perfrun.sdk <> - Reading value (0,4) from file: /sys/devices/system/cpu/cpu4/topology/thread_siblings_list
292 [139715854456512] INFO perfrun.sdk <> - Reading value (0-7) from file: /sys/devices/system/cpu/cpu5/topology/core_siblings_list
292 [139715854456512] INFO perfrun.sdk <> - Reading value (1,5) from file: /sys/devices/system/cpu/cpu5/topology/thread_siblings_list
292 [139715854456512] INFO perfrun.sdk <> - Reading value (0-7) from file: /sys/devices/system/cpu/cpu6/topology/core_siblings_list
292 [139715854456512] INFO perfrun.sdk <> - Reading value (2,6) from file: /sys/devices/system/cpu/cpu6/topology/thread_siblings_list
292 [139715854456512] INFO perfrun.sdk <> - Reading value (0-7) from file: /sys/devices/system/cpu/cpu7/topology/core_siblings_list
292 [139715854456512] INFO perfrun.sdk <> - Reading value (3,7) from file: /sys/devices/system/cpu/cpu7/topology/thread_siblings_list
292 [139715854456512] ERROR perfrun.sdk <> - boost::filesystem::exists(filename) 'gh2::error::IsNot.Valid.File(filename):/sys/bus/event_source/devices/cpu_core/cpus'
_sdks/release_posix-x86_64_icx_2023.0.0_gnutools_9.2_binutils_2.28/perfrun_1.33.15/include/perfrun1/sdk/utils.hpp(767): gh2::error_code_t runtool::sdk::loadFileValue(RetType &, const cpil2::uchar_t *) [RetType = std::basic_string<char>]
, at file: _sdks/release_posix-x86_64_icx_2023.0.0_gnutools_9.2_binutils_2.28/perfrun_1.33.15/include/perfrun1/sdk/utils.hpp:767
292 [139715854456512] ERROR perfrun.sdk <> - boost::filesystem::exists(filename) 'gh2::error::IsNot.Valid.File(filename):/sys/bus/event_source/devices/cpu_atom/cpus'
_sdks/release_posix-x86_64_icx_2023.0.0_gnutools_9.2_binutils_2.28/perfrun_1.33.15/include/perfrun1/sdk/utils.hpp(767): gh2::error_code_t runtool::sdk::loadFileValue(RetType &, const cpil2::uchar_t *) [RetType = std::basic_string<char>]
, at file: _sdks/release_posix-x86_64_icx_2023.0.0_gnutools_9.2_binutils_2.28/perfrun_1.33.15/include/perfrun1/sdk/utils.hpp:767
293 [139715621680832] INFO perfrun.sdk <> - runCmd: /opt/intel/oneapi/vtune/2025.0/bin64/amplxe-perf stat -v --log-fd 28 --control=fd:29,34 --scale -x ; -p 1271 -e cpu/event=0x3c,name='CPU_CLK_UNHALTED.THREAD'/Du,cpu/umask=0x3,name='CPU_CLK_UNHALTED.REF_TSC'/Du,cpu/event=0xc0,name='INST_RETIRED.ANY'/Du,cpu/event=0x3c,umask=0x1,name='CPU_CLK_UNHALTED.REF_XCLK'/u,cpu/event=0x3c,umask=0x2,name='CPU_CLK_UNHALTED.ONE_THREAD_ACTIVE'/u,cpu/event=0xc7,umask=0x2,name='FP_ARITH_INST_RETIRED.SCALAR_SINGLE'/u,cpu/event=0xc7,umask=0x8,name='FP_ARITH_INST_RETIRED.128B_PACKED_SINGLE'/u,cpu/event=0xc7,umask=0x20,name='FP_ARITH_INST_RETIRED.256B_PACKED_SINGLE'/u,cpu/event=0xc7,umask=0x1,name='FP_ARITH_INST_RETIRED.SCALAR_DOUBLE'/u,cpu/event=0xc7,umask=0x4,name='FP_ARITH_INST_RETIRED.128B_PACKED_DOUBLE'/u,cpu/event=0xc7,umask=0x10,name='FP_ARITH_INST_RETIRED.256B_PACKED_DOUBLE'/u,cpu/event=0xb1,umask=0x10,name='UOPS_EXECUTED.X87'/u,cpu/event=0xc2,umask=0x2,name='UOPS_RETIRED.RETIRE_SLOTS'/u,cpu/event=0xb1,umask=0x1,name='UOPS_EXECUTED.THREAD'/u /opt/intel/oneapi/vtune/2025.0/bin64/amplxe-perf-sync sync tsc
293 [139715621680832] INFO perfrun.sdk <> - runCmd started PID 1279
314 [139715862849216] INFO perfrun.tpss <> - start tpss controller for pid #1271
364 [139716018596800] INFO perfrun.launcher <> - Launcher: all plugins were started
364 [139716018596800] INFO perfrun.launcher <> - DirectoryMonitor object was created
364 [139716018596800] INFO perfrun.launcher <> - DirectoryMonitor: a callback was added
364 [139716018596800] INFO perfrun.launcher <> - DirectoryMonitor was started with pingTime = 1000
364 [139716018596800] INFO perfrun.launcher <> - DeadlineTimer is going to be constructed
365 [139716018596800] INFO perfrun.launcher <> - DeadlineTimer: a callback was added
371 [139716018596800] INFO perfrun.launcher <> - Launcher: resume the profiled application and  wait its termination or stop command
25022 [139716018596800] INFO perfrun.launcher <> - Launcher: the profiled application was terminated  with exit code = 0
25027 [139715862849216] INFO perfrun.itt <> - detach itt controller
25027 [139715862849216] INFO perfrun.itt <> - detach itt controller done
25028 [139715621680832] INFO perfrun.perfcollector <> - Monitor: runCmd RC = true
25028 [139715862849216] INFO perfrun.perfcollector <> - Monitor: state = 3, error = 1
25028 [139715862849216] INFO perfrun.tpss <> - stop tpss controller
25030 [139715862849216] INFO perfrun.sdk <> - De-allocating TMU: /home/louis/Imperial/MScProject/2-CODE/Spectral1D/vtune/Spectral1D/r001hs/data.0/systemcollector-1260-computer.sc
25030 [139715862849216] INFO perfrun.system <> - closed the system trace file: /home/louis/Imperial/MScProject/2-CODE/Spectral1D/vtune/Spectral1D/r001hs/data.0/systemcollector-1260-computer.sc
25030 [139716018596800] INFO perfrun.launcher <> - Launcher: all plugins were stopped.
25030 [139716018596800] INFO perfrun.launcher <> - DeadlineTimer is going to be destroyed
25030 [139716018596800] INFO perfrun.launcher <> - DeadlineTimer was destroyed
25030 [139716018596800] INFO perfrun.launcher <> - DirectoryMonitor object was destroyed
25030 [139716018596800] WARN perfrun.launcher <> - Stop command is ignored because it is received when collection is already stopped, at file: vcs/perfrun1/launcher/src/command_handler.cpp:226
25030 [139716018596800] INFO perfrun.launcher <> - Application exit code: 0
25030 [139716018596800] INFO perfrun.launcher <> - Exit code: 0
